2024-03-12 00:00:24,666 INFO o.a.j.u.JMeterUtils: Setting Locale to en_EN
2024-03-12 00:00:24,685 INFO o.a.j.JMeter: Loading user properties from: /opt/homebrew/Cellar/jmeter/5.6.3/libexec/bin/user.properties
2024-03-12 00:00:24,685 INFO o.a.j.JMeter: Loading system properties from: /opt/homebrew/Cellar/jmeter/5.6.3/libexec/bin/system.properties
2024-03-12 00:00:24,689 INFO o.a.j.JMeter: Copyright (c) 1998-2024 The Apache Software Foundation
2024-03-12 00:00:24,689 INFO o.a.j.JMeter: Version 5.6.3
2024-03-12 00:00:24,690 INFO o.a.j.JMeter: java.version=21.0.2
2024-03-12 00:00:24,690 INFO o.a.j.JMeter: java.vm.name=OpenJDK 64-Bit Server VM
2024-03-12 00:00:24,690 INFO o.a.j.JMeter: os.name=Mac OS X
2024-03-12 00:00:24,690 INFO o.a.j.JMeter: os.arch=aarch64
2024-03-12 00:00:24,690 INFO o.a.j.JMeter: os.version=14.2.1
2024-03-12 00:00:24,690 INFO o.a.j.JMeter: file.encoding=UTF-8
2024-03-12 00:00:24,690 INFO o.a.j.JMeter: java.awt.headless=true
2024-03-12 00:00:24,690 INFO o.a.j.JMeter: Max memory     =1073741824
2024-03-12 00:00:24,690 INFO o.a.j.JMeter: Available Processors =8
2024-03-12 00:00:24,699 INFO o.a.j.JMeter: Default Locale=English (EN)
2024-03-12 00:00:24,699 INFO o.a.j.JMeter: JMeter  Locale=English (EN)
2024-03-12 00:00:24,699 INFO o.a.j.JMeter: JMeterHome=/opt/homebrew/Cellar/jmeter/5.6.3/libexec
2024-03-12 00:00:24,699 INFO o.a.j.JMeter: user.dir  =/Users/fariszhafirfaza/Documents/Productive/coolya/adpro/tutorial/profiling
2024-03-12 00:00:24,700 INFO o.a.j.JMeter: PWD       =/Users/fariszhafirfaza/Documents/Productive/coolya/adpro/tutorial/profiling
2024-03-12 00:00:24,701 INFO o.a.j.JMeter: IP: 127.0.0.1 Name: Fariss-MacBook-Air.local FullName: localhost
2024-03-12 00:00:24,713 INFO o.a.j.s.FileServer: Default base='/Users/fariszhafirfaza/Documents/Productive/coolya/adpro/tutorial/profiling'
2024-03-12 00:00:24,715 INFO o.a.j.s.FileServer: Set new base='/Users/fariszhafirfaza/Documents/Productive/coolya/adpro/tutorial/profiling'
2024-03-12 00:00:24,865 INFO o.a.j.s.SaveService: Testplan (JMX) version: 2.2. Testlog (JTL) version: 2.2
2024-03-12 00:00:24,909 INFO o.a.j.s.SaveService: Using SaveService properties version 5.0
2024-03-12 00:00:24,911 INFO o.a.j.s.SaveService: Using SaveService properties file encoding UTF-8
2024-03-12 00:00:24,913 INFO o.a.j.s.SaveService: Loading file: test_plan_3.jmx
2024-03-12 00:00:24,972 INFO o.a.j.p.h.s.HTTPSamplerBase: Parser for text/html is org.apache.jmeter.protocol.http.parser.LagartoBasedHtmlParser
2024-03-12 00:00:24,972 INFO o.a.j.p.h.s.HTTPSamplerBase: Parser for application/xhtml+xml is org.apache.jmeter.protocol.http.parser.LagartoBasedHtmlParser
2024-03-12 00:00:24,972 INFO o.a.j.p.h.s.HTTPSamplerBase: Parser for application/xml is org.apache.jmeter.protocol.http.parser.LagartoBasedHtmlParser
2024-03-12 00:00:24,972 INFO o.a.j.p.h.s.HTTPSamplerBase: Parser for text/xml is org.apache.jmeter.protocol.http.parser.LagartoBasedHtmlParser
2024-03-12 00:00:24,972 INFO o.a.j.p.h.s.HTTPSamplerBase: Parser for text/vnd.wap.wml is org.apache.jmeter.protocol.http.parser.RegexpHTMLParser
2024-03-12 00:00:24,972 INFO o.a.j.p.h.s.HTTPSamplerBase: Parser for text/css is org.apache.jmeter.protocol.http.parser.CssParser
2024-03-12 00:00:24,995 INFO o.a.j.JMeter: Creating summariser <summary>
2024-03-12 00:00:25,005 INFO o.a.j.e.StandardJMeterEngine: Running the test!
2024-03-12 00:00:25,006 INFO o.a.j.s.SampleEvent: List of sample_variables: []
2024-03-12 00:00:25,006 INFO o.a.j.s.SampleEvent: List of sample_variables: []
2024-03-12 00:00:25,009 INFO o.a.j.e.u.CompoundVariable: Note: Function class names must contain the string: '.functions.'
2024-03-12 00:00:25,009 INFO o.a.j.e.u.CompoundVariable: Note: Function class names must not contain the string: '.gui.'
2024-03-12 00:00:25,059 INFO o.a.j.r.ClassFinder: Will scan jar /opt/homebrew/Cellar/jmeter/5.6.3/libexec/lib/ext/jmeter-plugins-manager-1.9.jar with filter ExtendsClassFilter [parents=[interface org.apache.jmeter.functions.Function], inner=false, contains=null, notContains=null]. Consider exposing JMeter plugins via META-INF/services, and add JMeter-Skip-Class-Scanning=true manifest attribute so JMeter can skip classfile scanning
2024-03-12 00:00:25,136 INFO o.a.j.JMeter: Running test (1710176425136)
2024-03-12 00:00:25,149 INFO o.a.j.e.StandardJMeterEngine: Starting ThreadGroup: 1 : Thread Group 1
2024-03-12 00:00:25,149 INFO o.a.j.e.StandardJMeterEngine: Starting 10 threads for group Thread Group 1.
2024-03-12 00:00:25,149 INFO o.a.j.e.StandardJMeterEngine: Thread will continue on error
2024-03-12 00:00:25,149 INFO o.a.j.t.ThreadGroup: Starting thread group... number=1 threads=10 ramp-up=1 delayedStart=false
2024-03-12 00:00:25,154 INFO o.a.j.t.JMeterThread: Thread started: Thread Group 1 1-1
2024-03-12 00:00:25,154 INFO o.a.j.t.ThreadGroup: Started thread group number 1
2024-03-12 00:00:25,154 INFO o.a.j.e.StandardJMeterEngine: All thread groups have been started
2024-03-12 00:00:25,168 INFO o.a.j.p.h.s.HTTPHCAbstractImpl: Local host = Fariss-MacBook-Air.local
2024-03-12 00:00:25,173 INFO o.a.j.p.h.s.HTTPHC4Impl: HTTP request retry count = 0
2024-03-12 00:00:25,174 INFO o.a.j.s.SampleResult: Note: Sample TimeStamps are START times
2024-03-12 00:00:25,174 INFO o.a.j.s.SampleResult: sampleresult.default.encoding is set to UTF-8
2024-03-12 00:00:25,174 INFO o.a.j.s.SampleResult: sampleresult.useNanoTime=true
2024-03-12 00:00:25,174 INFO o.a.j.s.SampleResult: sampleresult.nanoThreadSleep=5000
2024-03-12 00:00:25,251 INFO o.a.j.t.JMeterThread: Thread started: Thread Group 1 1-2
2024-03-12 00:00:25,352 INFO o.a.j.t.JMeterThread: Thread started: Thread Group 1 1-3
2024-03-12 00:00:25,451 INFO o.a.j.t.JMeterThread: Thread started: Thread Group 1 1-4
2024-03-12 00:00:25,553 INFO o.a.j.t.JMeterThread: Thread started: Thread Group 1 1-5
2024-03-12 00:00:25,655 INFO o.a.j.t.JMeterThread: Thread started: Thread Group 1 1-6
2024-03-12 00:00:25,754 INFO o.a.j.t.JMeterThread: Thread started: Thread Group 1 1-7
2024-03-12 00:00:25,852 INFO o.a.j.t.JMeterThread: Thread started: Thread Group 1 1-8
2024-03-12 00:00:25,954 INFO o.a.j.t.JMeterThread: Thread started: Thread Group 1 1-9
2024-03-12 00:00:26,053 INFO o.a.j.t.JMeterThread: Thread started: Thread Group 1 1-10
2024-03-12 00:01:32,018 INFO o.a.j.t.JMeterThread: Thread is done: Thread Group 1 1-2
2024-03-12 00:01:32,018 INFO o.a.j.t.JMeterThread: Thread is done: Thread Group 1 1-1
2024-03-12 00:01:32,023 INFO o.a.j.r.Summariser: summary +      1 in 00:01:07 =    0.0/s Avg: 66533 Min: 66533 Max: 66533 Err:     0 (0.00%) Active: 10 Started: 10 Finished: 0
2024-03-12 00:01:32,024 INFO o.a.j.t.JMeterThread: Thread finished: Thread Group 1 1-1
2024-03-12 00:01:32,024 INFO o.a.j.t.JMeterThread: Thread is done: Thread Group 1 1-4
2024-03-12 00:01:32,024 INFO o.a.j.t.JMeterThread: Thread finished: Thread Group 1 1-2
2024-03-12 00:01:32,024 INFO o.a.j.t.JMeterThread: Thread finished: Thread Group 1 1-4
2024-03-12 00:01:32,149 INFO o.a.j.t.JMeterThread: Thread is done: Thread Group 1 1-3
2024-03-12 00:01:32,149 INFO o.a.j.t.JMeterThread: Thread finished: Thread Group 1 1-3
2024-03-12 00:01:32,460 INFO o.a.j.t.JMeterThread: Thread is done: Thread Group 1 1-5
2024-03-12 00:01:32,461 INFO o.a.j.t.JMeterThread: Thread finished: Thread Group 1 1-5
2024-03-12 00:01:33,017 INFO o.a.j.t.JMeterThread: Thread is done: Thread Group 1 1-6
2024-03-12 00:01:33,022 INFO o.a.j.t.JMeterThread: Thread finished: Thread Group 1 1-6
2024-03-12 00:01:33,074 INFO o.a.j.t.JMeterThread: Thread is done: Thread Group 1 1-9
2024-03-12 00:01:33,074 INFO o.a.j.t.JMeterThread: Thread finished: Thread Group 1 1-9
2024-03-12 00:01:33,095 INFO o.a.j.t.JMeterThread: Thread is done: Thread Group 1 1-10
2024-03-12 00:01:33,096 INFO o.a.j.t.JMeterThread: Thread finished: Thread Group 1 1-10
2024-03-12 00:01:34,234 INFO o.a.j.t.JMeterThread: Thread is done: Thread Group 1 1-8
2024-03-12 00:01:34,237 INFO o.a.j.t.JMeterThread: Thread finished: Thread Group 1 1-8
2024-03-12 00:01:34,441 INFO o.a.j.t.JMeterThread: Thread is done: Thread Group 1 1-7
2024-03-12 00:01:34,441 INFO o.a.j.t.JMeterThread: Thread finished: Thread Group 1 1-7
2024-03-12 00:01:34,442 INFO o.a.j.e.StandardJMeterEngine: Notifying test listeners of end of test
2024-03-12 00:01:34,445 INFO o.a.j.r.Summariser: summary +      9 in 00:00:02 =    3.7/s Avg: 67307 Min: 66732 Max: 68690 Err:     0 (0.00%) Active: 0 Started: 10 Finished: 10
2024-03-12 00:01:34,445 INFO o.a.j.r.Summariser: summary =     10 in 00:01:09 =    0.1/s Avg: 67230 Min: 66533 Max: 68690 Err:     0 (0.00%)
